c:\users\ddreise6630\google drive\coded_messaging_system\echo\echo\x64\debug\vc141.pdb
c:\users\ddreise6630\google drive\coded_messaging_system\echo\echo\x64\debug\vc141.idb
c:\users\ddreise6630\google drive\coded_messaging_system\echo\echo\x64\debug\traverse.obj
c:\users\ddreise6630\google drive\coded_messaging_system\echo\echo\x64\debug\source.obj
c:\users\ddreise6630\google drive\coded_messaging_system\echo\echo\x64\debug\sound.obj
c:\users\ddreise6630\google drive\coded_messaging_system\echo\echo\x64\debug\rs232comm.obj
c:\users\ddreise6630\google drive\coded_messaging_system\echo\echo\x64\debug\queue.obj
c:\users\ddreise6630\google drive\coded_messaging_system\echo\echo\x64\debug\message.obj
c:\users\ddreise6630\google drive\coded_messaging_system\echo\echo\x64\debug\echo_send_message.obj
c:\users\ddreise6630\google drive\coded_messaging_system\echo\echo\x64\debug\echo_receive_message.obj
c:\users\ddreise6630\google drive\coded_messaging_system\echo\echo\x64\debug\echo_phone_book.obj
c:\users\ddreise6630\google drive\coded_messaging_system\echo\echo\x64\debug\echo_main_help.obj
c:\users\ddreise6630\google drive\coded_messaging_system\echo\echo\x64\debug\echo_main.obj
c:\users\ddreise6630\google drive\coded_messaging_system\echo\echo\x64\debug\echo_input.obj
c:\users\ddreise6630\google drive\coded_messaging_system\echo\echo\x64\debug\echo_frame.obj
c:\users\ddreise6630\google drive\coded_messaging_system\echo\echo\x64\debug\echo_error.obj
c:\users\ddreise6630\google drive\coded_messaging_system\echo\echo\x64\debug\echo_compress.obj
c:\users\ddreise6630\google drive\coded_messaging_system\echo\echo\x64\debug\audio_handling.obj
c:\users\ddreise6630\google drive\coded_messaging_system\echo\x64\debug\echo.exe
c:\users\ddreise6630\google drive\coded_messaging_system\echo\x64\debug\echo.ilk
c:\users\ddreise6630\google drive\coded_messaging_system\echo\x64\debug\echo.pdb
c:\users\ddreise6630\google drive\coded_messaging_system\echo\echo\x64\debug\echo.tlog\cl.command.1.tlog
c:\users\ddreise6630\google drive\coded_messaging_system\echo\echo\x64\debug\echo.tlog\cl.read.1.tlog
c:\users\ddreise6630\google drive\coded_messaging_system\echo\echo\x64\debug\echo.tlog\cl.write.1.tlog
c:\users\ddreise6630\google drive\coded_messaging_system\echo\echo\x64\debug\echo.tlog\link.command.1.tlog
c:\users\ddreise6630\google drive\coded_messaging_system\echo\echo\x64\debug\echo.tlog\link.read.1.tlog
c:\users\ddreise6630\google drive\coded_messaging_system\echo\echo\x64\debug\echo.tlog\link.write.1.tlog
