  audio_handling.cpp
c:\users\ddreise6630\google drive\coded_messaging_system\echo\echo\audio_handling.cpp(120): warning C4244: 'argument': conversion from 'float' to 'int', possible loss of data
c:\users\ddreise6630\google drive\coded_messaging_system\echo\echo\audio_handling.cpp(141): warning C4244: 'argument': conversion from 'float' to 'int', possible loss of data
  Echo_Compress.cpp
c:\users\ddreise6630\google drive\coded_messaging_system\echo\echo\echo_compress.cpp(36): warning C4267: 'initializing': conversion from 'size_t' to 'int', possible loss of data
c:\users\ddreise6630\google drive\coded_messaging_system\echo\echo\echo_compress.cpp(54): warning C4267: 'initializing': conversion from 'size_t' to 'int', possible loss of data
c:\users\ddreise6630\google drive\coded_messaging_system\echo\echo\echo_compress.cpp(96): warning C4267: 'return': conversion from 'size_t' to 'int', possible loss of data
c:\users\ddreise6630\google drive\coded_messaging_system\echo\echo\echo_compress.cpp(140): warning C4267: 'return': conversion from 'size_t' to 'int', possible loss of data
c:\users\ddreise6630\google drive\coded_messaging_system\echo\echo\echo_compress.cpp(109): warning C4101: 'temp': unreferenced local variable
  Echo_Error.cpp
  Echo_Frame.cpp
c:\users\ddreise6630\google drive\coded_messaging_system\echo\echo\echo_message.h(40): warning C4091: 'typedef ': ignored on left of 'FRAME_AUDIO_MESSAGE' when no variable is declared
c:\users\ddreise6630\google drive\coded_messaging_system\echo\echo\echo_frame.cpp(137): warning C4267: '=': conversion from 'size_t' to 'long', possible loss of data
c:\users\ddreise6630\google drive\coded_messaging_system\echo\echo\echo_frame.cpp(168): warning C4244: 'argument': conversion from 'time_t' to 'unsigned int', possible loss of data
c:\users\ddreise6630\google drive\coded_messaging_system\echo\echo\echo_frame.cpp(196): warning C4267: '=': conversion from 'size_t' to 'long', possible loss of data
c:\users\ddreise6630\google drive\coded_messaging_system\echo\echo\echo_frame.cpp(249): warning C4101: 'i': unreferenced local variable
  Echo_Input.cpp
  Echo_Main.cpp
c:\users\ddreise6630\google drive\coded_messaging_system\echo\echo\echo_message.h(40): warning C4091: 'typedef ': ignored on left of 'FRAME_AUDIO_MESSAGE' when no variable is declared
  Echo_Main_Help.cpp
  Echo_Phone_Book.cpp
c:\users\ddreise6630\google drive\coded_messaging_system\echo\echo\echo_phone_book.cpp(100): warning C4101: 'rc': unreferenced local variable
  Echo_Receive_Message.cpp
c:\users\ddreise6630\google drive\coded_messaging_system\echo\echo\echo_message.h(40): warning C4091: 'typedef ': ignored on left of 'FRAME_AUDIO_MESSAGE' when no variable is declared
  Echo_Send_Message.cpp
c:\users\ddreise6630\google drive\coded_messaging_system\echo\echo\echo_message.h(40): warning C4091: 'typedef ': ignored on left of 'FRAME_AUDIO_MESSAGE' when no variable is declared
c:\users\ddreise6630\google drive\coded_messaging_system\echo\echo\echo_send_message.cpp(109): warning C4267: 'argument': conversion from 'size_t' to 'DWORD', possible loss of data
  message.cpp
c:\users\ddreise6630\google drive\coded_messaging_system\echo\echo\message.cpp(75): warning C4477: 'printf' : format string '%d' requires an argument of type 'int', but variadic argument 1 has type 'size_t'
  c:\users\ddreise6630\google drive\coded_messaging_system\echo\echo\message.cpp(75): note: consider using '%zd' in the format string
c:\users\ddreise6630\google drive\coded_messaging_system\echo\echo\message.cpp(136): warning C4477: 'printf' : format string '%d' requires an argument of type 'int', but variadic argument 1 has type 'size_t'
  c:\users\ddreise6630\google drive\coded_messaging_system\echo\echo\message.cpp(136): note: consider using '%zd' in the format string
c:\users\ddreise6630\google drive\coded_messaging_system\echo\echo\message.cpp(177): warning C4101: 'c': unreferenced local variable
c:\users\ddreise6630\google drive\coded_messaging_system\echo\echo\message.cpp(210): warning C4101: 'c': unreferenced local variable
  queue.cpp
  RS232Comm.cpp
c:\users\ddreise6630\google drive\coded_messaging_system\echo\echo\rs232comm.cpp(33): warning C4267: 'argument': conversion from 'size_t' to 'DWORD', possible loss of data
  sound.cpp
  source.cpp
  traverse.cpp
  Generating code
  All 67 functions were compiled because no usable IPDB/IOBJ from previous compilation was found.
  Finished generating code
  Echo.vcxproj -> C:\Users\ddreise6630\Google Drive\Coded_Messaging_System\Echo\x64\Release\Echo.exe
